<?xml version="1.0" encoding="UTF-8"?>
<!-- Generated by org.testng.reporters.JUnitXMLReporter -->
<testsuite ignored="0" hostname="LAPTOP-O8E4O3S8" failures="0" tests="10" name="Test" time="18.145" errors="0" timestamp="2022-07-30T14:54:45 IST">
  <testcase classname="Tide.Tide" name="Products" time="1.228"/>
  <testcase classname="Tide.Tide" name="shop" time="2.168"/>
  <testcase classname="Tide.Tide" name="white" time="2.342"/>
  <testcase classname="Tide.Tide" name="whites" time="0.217"/>
  <testcase classname="Tide.Tide" name="text" time="1.038"/>
  <testcase classname="Tide.Tide" name="srh" time="0.747"/>
  <testcase classname="Tide.Tide" name="liquid" time="2.332"/>
  <testcase classname="Tide.Tide" name="liqtext" time="2.231"/>
  <testcase classname="Tide.Tide" name="livechat" time="0.202"/>
  <testcase classname="Tide.Tide" name="livetest" time="0.943"/>
</testsuite> <!-- Test -->
