<?xml version="1.0" encoding="UTF-8"?>
<!-- Generated by org.testng.reporters.JUnitXMLReporter -->
<testsuite ignored="0" hostname="LAPTOP-O8E4O3S8" failures="0" tests="10" name="Test" time="30.849" errors="0" timestamp="2022-08-03T18:17:04 IST">
  <testcase classname="Tide.Tide" name="Products" time="4.03"/>
  <testcase classname="Tide.Tide" name="shop" time="2.18"/>
  <testcase classname="Tide.Tide" name="white" time="2.343"/>
  <testcase classname="Tide.Tide" name="whites" time="0.178"/>
  <testcase classname="Tide.Tide" name="text" time="1.03"/>
  <testcase classname="Tide.Tide" name="srh" time="0.727"/>
  <testcase classname="Tide.Tide" name="liquid" time="3.834"/>
  <testcase classname="Tide.Tide" name="liqtext" time="1.078"/>
  <testcase classname="Tide.Tide" name="livechat" time="0.244"/>
  <testcase classname="Tide.Tide" name="livetest" time="0.509"/>
</testsuite> <!-- Test -->
